build/outputs/logs/manifest-merger-debug-report.txt
-- Merging decision tree log ---
manifest
ADDED from javacode\GetEasy\AndroidManifest.xml:2:1-37:12
	package
		ADDED from javacode\GetEasy\AndroidManifest.xml:3:5-45
	android:versionName
		ADDED from javacode\GetEasy\AndroidManifest.xml:5:5-30
		INJECTED from javacode\GetEasy\AndroidManifest.xml
		INJECTED from javacode\GetEasy\AndroidManifest.xml
	android:versionCode
		ADDED from javacode\GetEasy\AndroidManifest.xml:4:5-28
		INJECTED from javacode\GetEasy\AndroidManifest.xml
		INJECTED from javacode\GetEasy\AndroidManifest.xml
	xmlns:android
		ADDED from javacode\GetEasy\AndroidManifest.xml:2:11-69
uses-sdk
ADDED from javacode\GetEasy\AndroidManifest.xml:7:5-9:41
MERGED from [com.android.support:support-v4:23.2.0] AndroidManifest.xml:20:5-43
	android:targetSdkVersion
		ADDED from javacode\GetEasy\AndroidManifest.xml:9:9-38
	android:minSdkVersion
		ADDED from javacode\GetEasy\AndroidManifest.xml:8:9-35
android:uses-permission#android.permission.WRITE_EXTERNAL_STORAGE
ADDED from javacode\GetEasy\AndroidManifest.xml:11:5-89
	android:name
		ADDED from javacode\GetEasy\AndroidManifest.xml:11:30-86
android:uses-permission#android.permission.READ_PHONE_STATE
ADDED from javacode\GetEasy\AndroidManifest.xml:12:5-83
	android:name
		ADDED from javacode\GetEasy\AndroidManifest.xml:12:30-80
android:uses-permission#android.permission.READ_EXTERNAL_STORAGE
ADDED from javacode\GetEasy\AndroidManifest.xml:13:5-88
	android:name
		ADDED from javacode\GetEasy\AndroidManifest.xml:13:30-85
application
ADDED from javacode\GetEasy\AndroidManifest.xml:15:5-35:19
MERGED from [com.android.support:support-v4:23.2.0] AndroidManifest.xml:22:5-20
	android:label
		ADDED from javacode\GetEasy\AndroidManifest.xml:18:9-40
	android:allowBackup
		ADDED from javacode\GetEasy\AndroidManifest.xml:16:9-35
	android:icon
		ADDED from javacode\GetEasy\AndroidManifest.xml:17:9-45
	android:theme
		ADDED from javacode\GetEasy\AndroidManifest.xml:19:9-40
activity#com.example.interface_activity.MainActivity
ADDED from javacode\GetEasy\AndroidManifest.xml:20:9-28:20
	android:label
		ADDED from javacode\GetEasy\AndroidManifest.xml:22:13-44
	android:name
		ADDED from javacode\GetEasy\AndroidManifest.xml:21:13-41
intent-filter#android.intent.action.MAIN+android.intent.category.LAUNCHER
ADDED from javacode\GetEasy\AndroidManifest.xml:23:13-27:29
action#android.intent.action.MAIN
ADDED from javacode\GetEasy\AndroidManifest.xml:24:17-69
	android:name
		ADDED from javacode\GetEasy\AndroidManifest.xml:24:25-66
category#android.intent.category.LAUNCHER
ADDED from javacode\GetEasy\AndroidManifest.xml:26:17-77
	android:name
		ADDED from javacode\GetEasy\AndroidManifest.xml:26:27-74
activity#com.example.interface_activity.HomeActivity
ADDED from javacode\GetEasy\AndroidManifest.xml:29:9-31:47
	android:label
		ADDED from javacode\GetEasy\AndroidManifest.xml:31:13-44
	android:name
		ADDED from javacode\GetEasy\AndroidManifest.xml:30:13-41
activity#com.example.interface_activity.Main22Activity
ADDED from javacode\GetEasy\AndroidManifest.xml:32:9-34:70
	android:label
		ADDED from javacode\GetEasy\AndroidManifest.xml:34:13-58
	android:name
		ADDED from javacode\GetEasy\AndroidManifest.xml:33:13-43